# JRE version: OpenJDK Runtime Environment (21.0.8+9) (build 21.0.8+9-void-r1)
# Java VM: OpenJDK 64-Bit Server VM (21.0.8+9-void-r1, mixed mode, sharing, tiered, compressed oops, compressed class ptrs, g1 gc, linux-amd64)
GC Precious Log:
 CardTable entry size: 512
 Card Set container configuration: InlinePtr #cards 5 size 8 Array Of Cards #cards 12 size 40 Howl #buckets 4 coarsen threshold 1843 Howl Bitmap #cards 512 size 80 coarsen threshold 460 Card regions per heap region 1 cards per card region 2048
 CPUs: 4 total, 4 available
 Memory: 7721M
 Large Page Support: Disabled
 NUMA Support: Disabled
 Compressed Oops: Enabled (32-bit)
 Heap Region Size: 1M
 Heap Min Capacity: 8M
 Heap Initial Capacity: 122M
 Heap Max Capacity: 1G
 Pre-touch: Disabled
 Parallel Workers: 4
 Concurrent Workers: 1
 Concurrent Refinement Workers: 4
 Periodic GC: Disabled
 String Deduplication is enabled
Heap:
 garbage-first heap   total 331776K, used 287463K [0x00000000c0000000, 0x0000000100000000)
  region size 1024K, 187 young (191488K), 6 survivors (6144K)
 Metaspace       used 78525K, committed 80192K, reserved 1179648K
  class space    used 7705K, committed 8448K, reserved 1048576K
GC Heap History (20 events):
Event: 122.348 GC heap before
{Heap before GC invocations=58 (full 0):
 garbage-first heap   total 348160K, used 310199K [0x00000000c0000000, 0x0000000100000000)
  region size 1024K, 204 young (208896K), 2 survivors (2048K)
 Metaspace       used 78118K, committed 79744K, reserved 1179648K
  class space    used 7705K, committed 8448K, reserved 1048576K
}
Event: 122.356 GC heap after
{Heap after GC invocations=59 (full 0):
 garbage-first heap   total 348160K, used 104751K [0x00000000c0000000, 0x0000000100000000)
  region size 1024K, 3 young (3072K), 3 survivors (3072K)
 Metaspace       used 78118K, committed 79744K, reserved 1179648K
  class space    used 7705K, committed 8448K, reserved 1048576K
}
Event: 123.225 GC heap before
{Heap before GC invocations=59 (full 0):
 garbage-first heap   total 348160K, used 310575K [0x00000000c0000000, 0x0000000100000000)
  region size 1024K, 204 young (208896K), 3 survivors (3072K)
 Metaspace       used 78200K, committed 79872K, reserved 1179648K
  class space    used 7705K, committed 8448K, reserved 1048576K
}
Event: 123.234 GC heap after
{Heap after GC invocations=60 (full 0):
 garbage-first heap   total 348160K, used 99678K [0x00000000c0000000, 0x0000000100000000)
  region size 1024K, 3 young (3072K), 3 survivors (3072K)
 Metaspace       used 78200K, committed 79872K, reserved 1179648K
  class space    used 7705K, committed 8448K, reserved 1048576K
}
Event: 124.290 GC heap before
{Heap before GC invocations=60 (full 0):
 garbage-first heap   total 348160K, used 305502K [0x00000000c0000000, 0x0000000100000000)
  region size 1024K, 204 young (208896K), 3 survivors (3072K)
 Metaspace       used 78247K, committed 79936K, reserved 1179648K
  class space    used 7705K, committed 8448K, reserved 1048576K
}
Event: 124.296 GC heap after
{Heap after GC invocations=61 (full 0):
 garbage-first heap   total 348160K, used 99219K [0x00000000c0000000, 0x0000000100000000)
  region size 1024K, 3 young (3072K), 3 survivors (3072K)
 Metaspace       used 78247K, committed 79936K, reserved 1179648K
  class space    used 7705K, committed 8448K, reserved 1048576K
}
Event: 125.651 GC heap before
{Heap before GC invocations=62 (full 0):
 garbage-first heap   total 334848K, used 296851K [0x00000000c0000000, 0x0000000100000000)
  region size 1024K, 196 young (200704K), 3 survivors (3072K)
 Metaspace       used 78268K, committed 79936K, reserved 1179648K
  class space    used 7705K, committed 8448K, reserved 1048576K
}
Event: 125.657 GC heap after
{Heap after GC invocations=63 (full 0):
 garbage-first heap   total 334848K, used 98176K [0x00000000c0000000, 0x0000000100000000)
  region size 1024K, 2 young (2048K), 2 survivors (2048K)
 Metaspace       used 78268K, committed 79936K, reserved 1179648K
  class space    used 7705K, committed 8448K, reserved 1048576K
}
Event: 126.531 GC heap before
{Heap before GC invocations=63 (full 0):
 garbage-first heap   total 334848K, used 296832K [0x00000000c0000000, 0x0000000100000000)
  region size 1024K, 196 young (200704K), 2 survivors (2048K)
 Metaspace       used 78315K, committed 79936K, reserved 1179648K
  class space    used 7705K, committed 8448K, reserved 1048576K
}
Event: 126.547 GC heap after
{Heap after GC invocations=64 (full 0):
 garbage-first heap   total 334848K, used 97205K [0x00000000c0000000, 0x0000000100000000)
  region size 1024K, 4 young (4096K), 4 survivors (4096K)
 Metaspace       used 78315K, committed 79936K, reserved 1179648K
  class space    used 7705K, committed 8448K, reserved 1048576K
}
Event: 127.302 GC heap before
{Heap before GC invocations=64 (full 0):
 garbage-first heap   total 334848K, used 293813K [0x00000000c0000000, 0x0000000100000000)
  region size 1024K, 196 young (200704K), 4 survivors (4096K)
 Metaspace       used 78335K, committed 80000K, reserved 1179648K
  class space    used 7705K, committed 8448K, reserved 1048576K
}
Event: 127.309 GC heap after
{Heap after GC invocations=65 (full 0):
 garbage-first heap   total 334848K, used 98675K [0x00000000c0000000, 0x0000000100000000)
  region size 1024K, 5 young (5120K), 5 survivors (5120K)
 Metaspace       used 78335K, committed 80000K, reserved 1179648K
  class space    used 7705K, committed 8448K, reserved 1048576K
}
Event: 127.943 GC heap before
{Heap before GC invocations=66 (full 0):
 garbage-first heap   total 331776K, used 292211K [0x00000000c0000000, 0x0000000100000000)
  region size 1024K, 194 young (198656K), 5 survivors (5120K)
 Metaspace       used 78411K, committed 80064K, reserved 1179648K
  class space    used 7705K, committed 8448K, reserved 1048576K
}
Event: 127.955 GC heap after
{Heap after GC invocations=67 (full 0):
 garbage-first heap   total 331776K, used 104932K [0x00000000c0000000, 0x0000000100000000)
  region size 1024K, 11 young (11264K), 11 survivors (11264K)
 Metaspace       used 78411K, committed 80064K, reserved 1179648K
  class space    used 7705K, committed 8448K, reserved 1048576K
}
Event: 128.551 GC heap before
{Heap before GC invocations=67 (full 0):
 garbage-first heap   total 331776K, used 299492K [0x00000000c0000000, 0x0000000100000000)
  region size 1024K, 194 young (198656K), 11 survivors (11264K)
 Metaspace       used 78451K, committed 80128K, reserved 1179648K
  class space    used 7705K, committed 8448K, reserved 1048576K
}
Event: 128.572 GC heap after
{Heap after GC invocations=68 (full 0):
 garbage-first heap   total 331776K, used 102631K [0x00000000c0000000, 0x0000000100000000)
  region size 1024K, 11 young (11264K), 11 survivors (11264K)
 Metaspace       used 78451K, committed 80128K, reserved 1179648K
  class space    used 7705K, committed 8448K, reserved 1048576K
}
Event: 128.587 GC heap before
{Heap before GC invocations=68 (full 0):
 garbage-first heap   total 331776K, used 108775K [0x00000000c0000000, 0x0000000100000000)
  region size 1024K, 18 young (18432K), 11 survivors (11264K)
 Metaspace       used 78454K, committed 80128K, reserved 1179648K
  class space    used 7705K, committed 8448K, reserved 1048576K
}
Event: 128.600 GC heap after
{Heap after GC invocations=69 (full 0):
 garbage-first heap   total 331776K, used 103143K [0x00000000c0000000, 0x0000000100000000)
  region size 1024K, 12 young (12288K), 12 survivors (12288K)
 Metaspace       used 78454K, committed 80128K, reserved 1179648K
  class space    used 7705K, committed 8448K, reserved 1048576K
}
Event: 129.355 GC heap before
{Heap before GC invocations=70 (full 0):
 garbage-first heap   total 331776K, used 303847K [0x00000000c0000000, 0x0000000100000000)
  region size 1024K, 194 young (198656K), 12 survivors (12288K)
 Metaspace       used 78463K, committed 80128K, reserved 1179648K
  class space    used 7705K, committed 8448K, reserved 1048576K
}
Event: 129.364 GC heap after
{Heap after GC invocations=71 (full 0):
 garbage-first heap   total 331776K, used 96999K [0x00000000c0000000, 0x0000000100000000)
  region size 1024K, 6 young (6144K), 6 survivors (6144K)
 Metaspace       used 78463K, committed 80128K, reserved 1179648K
  class space    used 7705K, committed 8448K, reserved 1048576K
}

