# JRE version: OpenJDK Runtime Environment (21.0.8+9) (build 21.0.8+9-void-r1)
# Java VM: OpenJDK 64-Bit Server VM (21.0.8+9-void-r1, mixed mode, sharing, tiered, compressed oops, compressed class ptrs, g1 gc, linux-amd64)
Heap:
 garbage-first heap   total 401408K, used 176226K [0x00000000c0000000, 0x0000000100000000)
  region size 1024K, 53 young (54272K), 4 survivors (4096K)
 Metaspace       used 89986K, committed 91712K, reserved 1179648K
  class space    used 8553K, committed 9408K, reserved 1048576K
GC Heap History (20 events):
Event: 1122.711 GC heap before
{Heap before GC invocations=134 (full 0):
 garbage-first heap   total 311296K, used 271207K [0x00000000c0000000, 0x0000000100000000)
  region size 1024K, 182 young (186368K), 10 survivors (10240K)
 Metaspace       used 89520K, committed 91264K, reserved 1179648K
  class space    used 8541K, committed 9408K, reserved 1048576K
}
Event: 1122.732 GC heap after
{Heap after GC invocations=135 (full 0):
 garbage-first heap   total 311296K, used 89617K [0x00000000c0000000, 0x0000000100000000)
  region size 1024K, 8 young (8192K), 8 survivors (8192K)
 Metaspace       used 89520K, committed 91264K, reserved 1179648K
  class space    used 8541K, committed 9408K, reserved 1048576K
}
Event: 1124.233 GC heap before
{Heap before GC invocations=135 (full 0):
 garbage-first heap   total 311296K, used 270865K [0x00000000c0000000, 0x0000000100000000)
  region size 1024K, 182 young (186368K), 8 survivors (8192K)
 Metaspace       used 89526K, committed 91264K, reserved 1179648K
  class space    used 8541K, committed 9408K, reserved 1048576K
}
Event: 1124.248 GC heap after
{Heap after GC invocations=136 (full 0):
 garbage-first heap   total 311296K, used 83951K [0x00000000c0000000, 0x0000000100000000)
  region size 1024K, 7 young (7168K), 7 survivors (7168K)
 Metaspace       used 89526K, committed 91264K, reserved 1179648K
  class space    used 8541K, committed 9408K, reserved 1048576K
}
Event: 1127.040 GC heap before
{Heap before GC invocations=136 (full 0):
 garbage-first heap   total 311296K, used 229359K [0x00000000c0000000, 0x0000000100000000)
  region size 1024K, 151 young (154624K), 7 survivors (7168K)
 Metaspace       used 89601K, committed 91328K, reserved 1179648K
  class space    used 8543K, committed 9408K, reserved 1048576K
}
Event: 1127.053 GC heap after
{Heap after GC invocations=137 (full 0):
 garbage-first heap   total 311296K, used 87297K [0x00000000c0000000, 0x0000000100000000)
  region size 1024K, 10 young (10240K), 10 survivors (10240K)
 Metaspace       used 89601K, committed 91328K, reserved 1179648K
  class space    used 8543K, committed 9408K, reserved 1048576K
}
Event: 1128.802 GC heap before
{Heap before GC invocations=138 (full 0):
 garbage-first heap   total 296960K, used 260353K [0x00000000c0000000, 0x0000000100000000)
  region size 1024K, 174 young (178176K), 10 survivors (10240K)
 Metaspace       used 89631K, committed 91392K, reserved 1179648K
  class space    used 8543K, committed 9408K, reserved 1048576K
}
Event: 1128.817 GC heap after
{Heap after GC invocations=139 (full 0):
 garbage-first heap   total 296960K, used 95489K [0x00000000c0000000, 0x0000000100000000)
  region size 1024K, 16 young (16384K), 16 survivors (16384K)
 Metaspace       used 89631K, committed 91392K, reserved 1179648K
  class space    used 8543K, committed 9408K, reserved 1048576K
}
Event: 1133.858 GC heap before
{Heap before GC invocations=139 (full 0):
 garbage-first heap   total 296960K, used 295169K [0x00000000c0000000, 0x0000000100000000)
  region size 1024K, 140 young (143360K), 16 survivors (16384K)
 Metaspace       used 89698K, committed 91456K, reserved 1179648K
  class space    used 8545K, committed 9408K, reserved 1048576K
}
Event: 1133.907 GC heap after
{Heap after GC invocations=140 (full 0):
 garbage-first heap   total 345088K, used 127679K [0x00000000c0000000, 0x0000000100000000)
  region size 1024K, 22 young (22528K), 22 survivors (22528K)
 Metaspace       used 89698K, committed 91456K, reserved 1179648K
  class space    used 8545K, committed 9408K, reserved 1048576K
}
Event: 1133.920 GC heap before
{Heap before GC invocations=140 (full 0):
 garbage-first heap   total 345088K, used 130751K [0x00000000c0000000, 0x0000000100000000)
  region size 1024K, 26 young (26624K), 22 survivors (22528K)
 Metaspace       used 89698K, committed 91456K, reserved 1179648K
  class space    used 8545K, committed 9408K, reserved 1048576K
}
Event: 1133.942 GC heap after
{Heap after GC invocations=141 (full 0):
 garbage-first heap   total 345088K, used 131584K [0x00000000c0000000, 0x0000000100000000)
  region size 1024K, 3 young (3072K), 3 survivors (3072K)
 Metaspace       used 89698K, committed 91456K, reserved 1179648K
  class space    used 8545K, committed 9408K, reserved 1048576K
}
Event: 1141.471 GC heap before
{Heap before GC invocations=142 (full 0):
 garbage-first heap   total 369664K, used 360960K [0x00000000c0000000, 0x0000000100000000)
  region size 1024K, 160 young (163840K), 3 survivors (3072K)
 Metaspace       used 89809K, committed 91584K, reserved 1179648K
  class space    used 8547K, committed 9408K, reserved 1048576K
}
Event: 1141.508 GC heap after
{Heap after GC invocations=143 (full 0):
 garbage-first heap   total 393216K, used 155648K [0x00000000c0000000, 0x0000000100000000)
  region size 1024K, 20 young (20480K), 20 survivors (20480K)
 Metaspace       used 89809K, committed 91584K, reserved 1179648K
  class space    used 8547K, committed 9408K, reserved 1048576K
}
Event: 1148.672 GC heap before
{Heap before GC invocations=143 (full 0):
 garbage-first heap   total 393216K, used 358400K [0x00000000c0000000, 0x0000000100000000)
  region size 1024K, 182 young (186368K), 20 survivors (20480K)
 Metaspace       used 89838K, committed 91584K, reserved 1179648K
  class space    used 8548K, committed 9408K, reserved 1048576K
}
Event: 1148.710 GC heap after
{Heap after GC invocations=144 (full 0):
 garbage-first heap   total 401408K, used 173568K [0x00000000c0000000, 0x0000000100000000)
  region size 1024K, 17 young (17408K), 17 survivors (17408K)
 Metaspace       used 89838K, committed 91584K, reserved 1179648K
  class space    used 8548K, committed 9408K, reserved 1048576K
}
Event: 1152.076 GC heap before
{Heap before GC invocations=144 (full 0):
 garbage-first heap   total 401408K, used 291328K [0x00000000c0000000, 0x0000000100000000)
  region size 1024K, 134 young (137216K), 17 survivors (17408K)
 Metaspace       used 89946K, committed 91648K, reserved 1179648K
  class space    used 8551K, committed 9408K, reserved 1048576K
}
Event: 1152.093 GC heap after
{Heap after GC invocations=145 (full 0):
 garbage-first heap   total 401408K, used 177152K [0x00000000c0000000, 0x0000000100000000)
  region size 1024K, 5 young (5120K), 5 survivors (5120K)
 Metaspace       used 89946K, committed 91648K, reserved 1179648K
  class space    used 8551K, committed 9408K, reserved 1048576K
}
Event: 1155.548 GC heap before
{Heap before GC invocations=146 (full 0):
 garbage-first heap   total 401408K, used 311296K [0x00000000c0000000, 0x0000000100000000)
  region size 1024K, 166 young (169984K), 5 survivors (5120K)
 Metaspace       used 89978K, committed 91712K, reserved 1179648K
  class space    used 8552K, committed 9408K, reserved 1048576K
}
Event: 1155.553 GC heap after
{Heap after GC invocations=147 (full 0):
 garbage-first heap   total 401408K, used 124742K [0x00000000c0000000, 0x0000000100000000)
  region size 1024K, 4 young (4096K), 4 survivors (4096K)
 Metaspace       used 89978K, committed 91712K, reserved 1179648K
  class space    used 8552K, committed 9408K, reserved 1048576K
}

